Sender: LSF System <lsfadmin@weaver4>
Subject: Job 60420: <testBatchJob> in cluster <weaver-lsf> Exited

Job <testBatchJob> was submitted from host <weaver11> by user <dsmishl> in cluster <weaver-lsf> at Tue Aug  1 17:10:34 2023
Job was executed on host(s) <40*weaver4>, in queue <rhel8>, as user <dsmishl> in cluster <weaver-lsf> at Tue Aug  1 17:10:34 2023
                            <40*weaver10>
</home/dsmishl> was used as the home directory.
</home/dsmishl/Kokkos/python-data-collector> was used as the working directory.
Started at Tue Aug  1 17:10:34 2023
Terminated at Tue Aug  1 17:10:40 2023
Results reported at Tue Aug  1 17:10:40 2023

Your job looked like:

------------------------------------------------------------
# LSBATCH: User input
#!/bin/bash
#BSUB -n 80
#BSUB -q rhel8
#BSUB -o job.out
#BSUB -e err_job.err
#BSUB -J testBatchJob
date
mpirun -np 40 hostname
echo "first host done"
mpirun -np 41 hostname

------------------------------------------------------------

Exited with exit code 1.

Resource usage summary:

    CPU time :                                   0.41 sec.
    Max Memory :                                 2 MB
    Average Memory :                             2.00 MB
    Total Requested Memory :                     -
    Delta Memory :                               -
    Max Swap :                                   -
    Max Processes :                              1
    Max Threads :                                1
    Run time :                                   4 sec.
    Turnaround time :                            6 sec.

The output (if any) follows:

Tue Aug  1 17:10:38 MDT 2023
weaver4
weaver4
weaver4
weaver4
weaver4
weaver4
weaver4
weaver4
weaver4
weaver4
weaver4
weaver4
weaver4
weaver4
weaver4
weaver4
weaver4
weaver4
weaver4
weaver4
weaver4
weaver4
weaver4
weaver4
weaver4
weaver4
weaver4
weaver4
weaver4
weaver4
weaver4
weaver4
weaver4
weaver4
weaver4
weaver4
weaver4
weaver4
weaver4
weaver4
first host done


PS:

Read file <err_job.err> for stderr output of this job.

